<html>
<head>
<title>TestNG:  Command line test</title>
<link href="../testng.css" rel="stylesheet" type="text/css" />
<link href="../my-testng.css" rel="stylesheet" type="text/css" />

<style type="text/css">
.log { display: none;} 
.stack-trace { display: none;} 
</style>
<script type="text/javascript">
<!--
function flip(e) {
  current = e.style.display;
  if (current == 'block') {
    e.style.display = 'none';
    return 0;
  }
  else {
    e.style.display = 'block';
    return 1;
  }
}

function toggleBox(szDivId, elem, msg1, msg2)
{
  var res = -1;  if (document.getElementById) {
    res = flip(document.getElementById(szDivId));
  }
  else if (document.all) {
    // this is the way old msie versions work
    res = flip(document.all[szDivId]);
  }
  if(elem) {
    if(res == 0) elem.innerHTML = msg1; else elem.innerHTML = msg2;
  }

}

function toggleAllBoxes() {
  if (document.getElementsByTagName) {
    d = document.getElementsByTagName('div');
    for (i = 0; i < d.length; i++) {
      if (d[i].className == 'log') {
        flip(d[i]);
      }
    }
  }
}

// -->
</script>

</head>
<body>
<h2 align='center'>Command line test</h2><table border='1' align="center">
<tr>
<td>Tests passed/Failed/Skipped:</td><td>32/0/0</td>
</tr><tr>
<td>Started on:</td><td>Tue Dec 08 17:01:59 EST 2015</td>
</tr>
<tr><td>Total time:</td><td>0 seconds (481 ms)</td>
</tr><tr>
<td>Included groups:</td><td></td>
</tr><tr>
<td>Excluded groups:</td><td></td>
</tr>
</table><p/>
<small><i>(Hover the method name to see the test class name)</i></small><p/>
<table width='100%' border='1' class='invocation-passed'>
<tr><td colspan='4' align='center'><b>PASSED TESTS</b></td></tr>
<tr><td><b>Test method</b></td>
<td width="30%"><b>Exception</b></td>
<td width="10%"><b>Time (seconds)</b></td>
<td><b>Instance</b></td>
</tr>
<tr>
<td title='com.paypal.credit.workflowtest.FullStackTest.test()'><b>test</b><br>Test class: com.paypal.credit.workflowtest.FullStackTest</td>
<td></td>
<td>0</td>
<td>com.paypal.credit.workflowtest.FullStackTest@62513bb5</td></tr>
<tr>
<td title='com.paypal.credit.core.processorbridge.ProcessorBridgeDefaultFactoryTest.test()'><b>test</b><br>Test class: com.paypal.credit.core.processorbridge.ProcessorBridgeDefaultFactoryTest</td>
<td></td>
<td>0</td>
<td>com.paypal.credit.core.processorbridge.ProcessorBridgeDefaultFactoryTest@20863d22</td></tr>
<tr>
<td title='com.paypal.credit.workflowcommand.WorkflowFactoryTest.test()'><b>test</b><br>Test class: com.paypal.credit.workflowcommand.WorkflowFactoryTest<br>Parameters: rsc:OneStepWorkflow.xml</td>
<td></td>
<td>0</td>
<td>com.paypal.credit.workflowcommand.WorkflowFactoryTest@2398724d</td></tr>
<tr>
<td title='com.paypal.credit.workflowcommand.WorkflowFactoryTest.test()'><b>test</b><br>Test class: com.paypal.credit.workflowcommand.WorkflowFactoryTest<br>Parameters: rsc:TwoStepWorkflow.xml</td>
<td></td>
<td>0</td>
<td>com.paypal.credit.workflowcommand.WorkflowFactoryTest@2398724d</td></tr>
<tr>
<td title='com.paypal.credit.workflowcommand.WorkflowFactoryTest.test()'><b>test</b><br>Test class: com.paypal.credit.workflowcommand.WorkflowFactoryTest<br>Parameters: rsc:ParallelWorkflow.xml</td>
<td></td>
<td>0</td>
<td>com.paypal.credit.workflowcommand.WorkflowFactoryTest@2398724d</td></tr>
<tr>
<td title='com.paypal.credit.workflowcommand.WorkflowReaderTest.test()'><b>test</b><br>Test class: com.paypal.credit.workflowcommand.WorkflowReaderTest<br>Parameters: rsc:OneStepWorkflow.xml, 1</td>
<td></td>
<td>0</td>
<td>com.paypal.credit.workflowcommand.WorkflowReaderTest@1796a6ac</td></tr>
<tr>
<td title='com.paypal.credit.workflowcommand.WorkflowReaderTest.test()'><b>test</b><br>Test class: com.paypal.credit.workflowcommand.WorkflowReaderTest<br>Parameters: rsc:TwoStepWorkflow.xml, 2</td>
<td></td>
<td>0</td>
<td>com.paypal.credit.workflowcommand.WorkflowReaderTest@1796a6ac</td></tr>
<tr>
<td title='com.paypal.credit.workflowcommand.WorkflowReaderTest.test()'><b>test</b><br>Test class: com.paypal.credit.workflowcommand.WorkflowReaderTest<br>Parameters: rsc:ParallelWorkflow.xml, 1</td>
<td></td>
<td>0</td>
<td>com.paypal.credit.workflowcommand.WorkflowReaderTest@1796a6ac</td></tr>
<tr>
<td title='com.paypal.credit.workflowcommand.WorkflowReaderTest.test()'><b>test</b><br>Test class: com.paypal.credit.workflowcommand.WorkflowReaderTest<br>Parameters: rsc:workflow1.xml, 1</td>
<td></td>
<td>0</td>
<td>com.paypal.credit.workflowcommand.WorkflowReaderTest@1796a6ac</td></tr>
<tr>
<td title='com.paypal.credit.core.datasourceprovider.DataSourceProviderFactoryTest.testCreateDataSource()'><b>testCreateDataSource</b><br>Test class: com.paypal.credit.core.datasourceprovider.DataSourceProviderFactoryTest</td>
<td></td>
<td>0</td>
<td>com.paypal.credit.core.datasourceprovider.DataSourceProviderFactoryTest@6d75ae09</td></tr>
<tr>
<td title='com.paypal.credit.core.semantics.CollectionTypeVocabularyTest.testFindByObjectSuffix()'><b>testFindByObjectSuffix</b><br>Test class: com.paypal.credit.core.semantics.CollectionTypeVocabularyTest</td>
<td></td>
<td>0</td>
<td>com.paypal.credit.core.semantics.CollectionTypeVocabularyTest@4f22c960</td></tr>
<tr>
<td title='com.paypal.credit.core.commandprovider.CommandProviderTest.testFindCommand()'><b>testFindCommand</b><br>Test class: com.paypal.credit.core.commandprovider.CommandProviderTest</td>
<td></td>
<td>0</td>
<td>com.paypal.credit.core.commandprovider.CommandProviderTest@42081f25</td></tr>
<tr>
<td title='com.paypal.credit.core.datasourceprovider.DataSourceProviderFactoryTest.testFindDataSource()'><b>testFindDataSource</b><br>Test class: com.paypal.credit.core.datasourceprovider.DataSourceProviderFactoryTest</td>
<td></td>
<td>0</td>
<td>com.paypal.credit.core.datasourceprovider.DataSourceProviderFactoryTest@6d75ae09</td></tr>
<tr>
<td title='com.paypal.credit.core.semantics.CollectionTypeVocabularyTest.testGetSimpleName()'><b>testGetSimpleName</b><br>Test class: com.paypal.credit.core.semantics.CollectionTypeVocabularyTest</td>
<td></td>
<td>0</td>
<td>com.paypal.credit.core.semantics.CollectionTypeVocabularyTest@4f22c960</td></tr>
<tr>
<td title='com.paypal.credit.core.semantics.CommandClassSemanticsTest.testInvalidCommandClassName()'><b>testInvalidCommandClassName</b><br>Test class: com.paypal.credit.core.semantics.CommandClassSemanticsTest<br>Parameters: GetAuthorizationBy, GET, Authorization, null, BY, null</td>
<td><div><pre>com.paypal.credit.core.semantics.exceptions.CoreRouterSemanticsException: Logical commandprovider name GetAuthorizationBy included a preposition but does not include an object.
	at com.paypal.credit.core.semantics.LogicalNameParser.&lt;init&gt;(LogicalNameParser.java:67)
	at com.paypal.credit.core.semantics.AbstractBaseSemantics.&lt;init&gt;(AbstractBaseSemantics.java:112)
	at com.paypal.credit.core.semantics.CommandClassSemantics.&lt;init&gt;(CommandClassSemantics.java:35)
	at com.paypal.credit.core.semantics.ApplicationSemantics.createCommandClassSemantic(ApplicationSemantics.java:62)
	at com.paypal.credit.core.semantics.CommandClassSemanticsTest.testInvalidCommandClassName(CommandClassSemanticsTest.java:67)
... Removed 34 stack frames</pre></div><a href='#' onClick='toggleBox("stack-trace1274227108", this, "Click to show all stack frames", "Click to hide stack frames")'>Click to show all stack frames</a>
<div class='stack-trace' id='stack-trace1274227108'><pre>com.paypal.credit.core.semantics.exceptions.CoreRouterSemanticsException: Logical commandprovider name GetAuthorizationBy included a preposition but does not include an object.
	at com.paypal.credit.core.semantics.LogicalNameParser.&lt;init&gt;(LogicalNameParser.java:67)
	at com.paypal.credit.core.semantics.AbstractBaseSemantics.&lt;init&gt;(AbstractBaseSemantics.java:112)
	at com.paypal.credit.core.semantics.CommandClassSemantics.&lt;init&gt;(CommandClassSemantics.java:35)
	at com.paypal.credit.core.semantics.ApplicationSemantics.createCommandClassSemantic(ApplicationSemantics.java:62)
	at com.paypal.credit.core.semantics.CommandClassSemanticsTest.testInvalidCommandClassName(CommandClassSemanticsTest.java:67)
	at sun.reflect.NativeMethodAccessorImpl.invoke0(Native Method)
	at sun.reflect.NativeMethodAccessorImpl.invoke(NativeMethodAccessorImpl.java:57)
	at sun.reflect.DelegatingMethodAccessorImpl.invoke(DelegatingMethodAccessorImpl.java:43)
	at java.lang.reflect.Method.invoke(Method.java:606)
	at org.testng.internal.MethodInvocationHelper.invokeMethod(MethodInvocationHelper.java:85)
	at org.testng.internal.Invoker.invokeMethod(Invoker.java:696)
	at org.testng.internal.Invoker.invokeTestMethod(Invoker.java:882)
	at org.testng.internal.Invoker.invokeTestMethods(Invoker.java:1189)
	at org.testng.internal.TestMethodWorker.invokeTestMethods(TestMethodWorker.java:124)
	at org.testng.internal.TestMethodWorker.run(TestMethodWorker.java:108)
	at org.testng.TestRunner.privateRun(TestRunner.java:767)
	at org.testng.TestRunner.run(TestRunner.java:617)
	at org.testng.SuiteRunner.runTest(SuiteRunner.java:348)
	at org.testng.SuiteRunner.runSequentially(SuiteRunner.java:343)
	at org.testng.SuiteRunner.privateRun(SuiteRunner.java:305)
	at org.testng.SuiteRunner.run(SuiteRunner.java:254)
	at org.testng.SuiteRunnerWorker.runSuite(SuiteRunnerWorker.java:52)
	at org.testng.SuiteRunnerWorker.run(SuiteRunnerWorker.java:86)
	at org.testng.TestNG.runSuitesSequentially(TestNG.java:1224)
	at org.testng.TestNG.runSuitesLocally(TestNG.java:1149)
	at org.testng.TestNG.run(TestNG.java:1057)
	at org.apache.maven.surefire.testng.TestNGExecutor.run(TestNGExecutor.java:77)
	at org.apache.maven.surefire.testng.TestNGDirectoryTestSuite.executeMulti(TestNGDirectoryTestSuite.java:159)
	at org.apache.maven.surefire.testng.TestNGDirectoryTestSuite.execute(TestNGDirectoryTestSuite.java:99)
	at org.apache.maven.surefire.testng.TestNGProvider.invoke(TestNGProvider.java:106)
	at sun.reflect.NativeMethodAccessorImpl.invoke0(Native Method)
	at sun.reflect.NativeMethodAccessorImpl.invoke(NativeMethodAccessorImpl.java:57)
	at sun.reflect.DelegatingMethodAccessorImpl.invoke(DelegatingMethodAccessorImpl.java:43)
	at java.lang.reflect.Method.invoke(Method.java:606)
	at org.apache.maven.surefire.util.ReflectionUtils.invokeMethodWithArray(ReflectionUtils.java:189)
	at org.apache.maven.surefire.booter.ProviderFactory$ProviderProxy.invoke(ProviderFactory.java:165)
	at org.apache.maven.surefire.booter.ProviderFactory.invokeProvider(ProviderFactory.java:85)
	at org.apache.maven.surefire.booter.ForkedBooter.runSuitesInProcess(ForkedBooter.java:115)
	at org.apache.maven.surefire.booter.ForkedBooter.main(ForkedBooter.java:75)
</pre></div></td>
<td>0</td>
<td>com.paypal.credit.core.semantics.CommandClassSemanticsTest@74d2e636</td></tr>
<tr>
<td title='com.paypal.credit.core.semantics.ProcessorBridgeMethodSemanticsTest.testInvalidCommandClassName()'><b>testInvalidCommandClassName</b><br>Test class: com.paypal.credit.core.semantics.ProcessorBridgeMethodSemanticsTest<br>Parameters: getAuthorizationBy</td>
<td><div><pre>com.paypal.credit.core.semantics.exceptions.CoreRouterSemanticsException: Logical commandprovider name getAuthorizationBy included a preposition but does not include an object.
	at com.paypal.credit.core.semantics.LogicalNameParser.&lt;init&gt;(LogicalNameParser.java:67)
	at com.paypal.credit.core.semantics.AbstractBaseSemantics.&lt;init&gt;(AbstractBaseSemantics.java:112)
	at com.paypal.credit.core.semantics.ProcessorBridgeMethodSemantics.&lt;init&gt;(ProcessorBridgeMethodSemantics.java:49)
	at com.paypal.credit.core.semantics.ApplicationSemantics.createProcessorBridgeMethodSemantics(ApplicationSemantics.java:72)
	at com.paypal.credit.core.semantics.ProcessorBridgeMethodSemanticsTest.testInvalidCommandClassName(ProcessorBridgeMethodSemanticsTest.java:69)
... Removed 34 stack frames</pre></div><a href='#' onClick='toggleBox("stack-trace1529118084", this, "Click to show all stack frames", "Click to hide stack frames")'>Click to show all stack frames</a>
<div class='stack-trace' id='stack-trace1529118084'><pre>com.paypal.credit.core.semantics.exceptions.CoreRouterSemanticsException: Logical commandprovider name getAuthorizationBy included a preposition but does not include an object.
	at com.paypal.credit.core.semantics.LogicalNameParser.&lt;init&gt;(LogicalNameParser.java:67)
	at com.paypal.credit.core.semantics.AbstractBaseSemantics.&lt;init&gt;(AbstractBaseSemantics.java:112)
	at com.paypal.credit.core.semantics.ProcessorBridgeMethodSemantics.&lt;init&gt;(ProcessorBridgeMethodSemantics.java:49)
	at com.paypal.credit.core.semantics.ApplicationSemantics.createProcessorBridgeMethodSemantics(ApplicationSemantics.java:72)
	at com.paypal.credit.core.semantics.ProcessorBridgeMethodSemanticsTest.testInvalidCommandClassName(ProcessorBridgeMethodSemanticsTest.java:69)
	at sun.reflect.NativeMethodAccessorImpl.invoke0(Native Method)
	at sun.reflect.NativeMethodAccessorImpl.invoke(NativeMethodAccessorImpl.java:57)
	at sun.reflect.DelegatingMethodAccessorImpl.invoke(DelegatingMethodAccessorImpl.java:43)
	at java.lang.reflect.Method.invoke(Method.java:606)
	at org.testng.internal.MethodInvocationHelper.invokeMethod(MethodInvocationHelper.java:85)
	at org.testng.internal.Invoker.invokeMethod(Invoker.java:696)
	at org.testng.internal.Invoker.invokeTestMethod(Invoker.java:882)
	at org.testng.internal.Invoker.invokeTestMethods(Invoker.java:1189)
	at org.testng.internal.TestMethodWorker.invokeTestMethods(TestMethodWorker.java:124)
	at org.testng.internal.TestMethodWorker.run(TestMethodWorker.java:108)
	at org.testng.TestRunner.privateRun(TestRunner.java:767)
	at org.testng.TestRunner.run(TestRunner.java:617)
	at org.testng.SuiteRunner.runTest(SuiteRunner.java:348)
	at org.testng.SuiteRunner.runSequentially(SuiteRunner.java:343)
	at org.testng.SuiteRunner.privateRun(SuiteRunner.java:305)
	at org.testng.SuiteRunner.run(SuiteRunner.java:254)
	at org.testng.SuiteRunnerWorker.runSuite(SuiteRunnerWorker.java:52)
	at org.testng.SuiteRunnerWorker.run(SuiteRunnerWorker.java:86)
	at org.testng.TestNG.runSuitesSequentially(TestNG.java:1224)
	at org.testng.TestNG.runSuitesLocally(TestNG.java:1149)
	at org.testng.TestNG.run(TestNG.java:1057)
	at org.apache.maven.surefire.testng.TestNGExecutor.run(TestNGExecutor.java:77)
	at org.apache.maven.surefire.testng.TestNGDirectoryTestSuite.executeMulti(TestNGDirectoryTestSuite.java:159)
	at org.apache.maven.surefire.testng.TestNGDirectoryTestSuite.execute(TestNGDirectoryTestSuite.java:99)
	at org.apache.maven.surefire.testng.TestNGProvider.invoke(TestNGProvider.java:106)
	at sun.reflect.NativeMethodAccessorImpl.invoke0(Native Method)
	at sun.reflect.NativeMethodAccessorImpl.invoke(NativeMethodAccessorImpl.java:57)
	at sun.reflect.DelegatingMethodAccessorImpl.invoke(DelegatingMethodAccessorImpl.java:43)
	at java.lang.reflect.Method.invoke(Method.java:606)
	at org.apache.maven.surefire.util.ReflectionUtils.invokeMethodWithArray(ReflectionUtils.java:189)
	at org.apache.maven.surefire.booter.ProviderFactory$ProviderProxy.invoke(ProviderFactory.java:165)
	at org.apache.maven.surefire.booter.ProviderFactory.invokeProvider(ProviderFactory.java:85)
	at org.apache.maven.surefire.booter.ForkedBooter.runSuitesInProcess(ForkedBooter.java:115)
	at org.apache.maven.surefire.booter.ForkedBooter.main(ForkedBooter.java:75)
</pre></div></td>
<td>0</td>
<td>com.paypal.credit.core.semantics.ProcessorBridgeMethodSemanticsTest@2334d801</td></tr>
<tr>
<td title='com.paypal.credit.core.semantics.LogicalNameParserTest.testInvalidLogicalNames()'><b>testInvalidLogicalNames</b><br>Test class: com.paypal.credit.core.semantics.LogicalNameParserTest<br>Parameters: </td>
<td><div><pre>com.paypal.credit.core.semantics.exceptions.CoreRouterSemanticsException: Logical commandprovider name  does not include a valid action verb at at the start.
	at com.paypal.credit.core.semantics.LogicalNameParser.&lt;init&gt;(LogicalNameParser.java:84)
	at com.paypal.credit.core.semantics.LogicalNameParserTest.testInvalidLogicalNames(LogicalNameParserTest.java:55)
... Removed 34 stack frames</pre></div><a href='#' onClick='toggleBox("stack-trace2081742010", this, "Click to show all stack frames", "Click to hide stack frames")'>Click to show all stack frames</a>
<div class='stack-trace' id='stack-trace2081742010'><pre>com.paypal.credit.core.semantics.exceptions.CoreRouterSemanticsException: Logical commandprovider name  does not include a valid action verb at at the start.
	at com.paypal.credit.core.semantics.LogicalNameParser.&lt;init&gt;(LogicalNameParser.java:84)
	at com.paypal.credit.core.semantics.LogicalNameParserTest.testInvalidLogicalNames(LogicalNameParserTest.java:55)
	at sun.reflect.NativeMethodAccessorImpl.invoke0(Native Method)
	at sun.reflect.NativeMethodAccessorImpl.invoke(NativeMethodAccessorImpl.java:57)
	at sun.reflect.DelegatingMethodAccessorImpl.invoke(DelegatingMethodAccessorImpl.java:43)
	at java.lang.reflect.Method.invoke(Method.java:606)
	at org.testng.internal.MethodInvocationHelper.invokeMethod(MethodInvocationHelper.java:85)
	at org.testng.internal.Invoker.invokeMethod(Invoker.java:696)
	at org.testng.internal.Invoker.invokeTestMethod(Invoker.java:882)
	at org.testng.internal.Invoker.invokeTestMethods(Invoker.java:1189)
	at org.testng.internal.TestMethodWorker.invokeTestMethods(TestMethodWorker.java:124)
	at org.testng.internal.TestMethodWorker.run(TestMethodWorker.java:108)
	at org.testng.TestRunner.privateRun(TestRunner.java:767)
	at org.testng.TestRunner.run(TestRunner.java:617)
	at org.testng.SuiteRunner.runTest(SuiteRunner.java:348)
	at org.testng.SuiteRunner.runSequentially(SuiteRunner.java:343)
	at org.testng.SuiteRunner.privateRun(SuiteRunner.java:305)
	at org.testng.SuiteRunner.run(SuiteRunner.java:254)
	at org.testng.SuiteRunnerWorker.runSuite(SuiteRunnerWorker.java:52)
	at org.testng.SuiteRunnerWorker.run(SuiteRunnerWorker.java:86)
	at org.testng.TestNG.runSuitesSequentially(TestNG.java:1224)
	at org.testng.TestNG.runSuitesLocally(TestNG.java:1149)
	at org.testng.TestNG.run(TestNG.java:1057)
	at org.apache.maven.surefire.testng.TestNGExecutor.run(TestNGExecutor.java:77)
	at org.apache.maven.surefire.testng.TestNGDirectoryTestSuite.executeMulti(TestNGDirectoryTestSuite.java:159)
	at org.apache.maven.surefire.testng.TestNGDirectoryTestSuite.execute(TestNGDirectoryTestSuite.java:99)
	at org.apache.maven.surefire.testng.TestNGProvider.invoke(TestNGProvider.java:106)
	at sun.reflect.NativeMethodAccessorImpl.invoke0(Native Method)
	at sun.reflect.NativeMethodAccessorImpl.invoke(NativeMethodAccessorImpl.java:57)
	at sun.reflect.DelegatingMethodAccessorImpl.invoke(DelegatingMethodAccessorImpl.java:43)
	at java.lang.reflect.Method.invoke(Method.java:606)
	at org.apache.maven.surefire.util.ReflectionUtils.invokeMethodWithArray(ReflectionUtils.java:189)
	at org.apache.maven.surefire.booter.ProviderFactory$ProviderProxy.invoke(ProviderFactory.java:165)
	at org.apache.maven.surefire.booter.ProviderFactory.invokeProvider(ProviderFactory.java:85)
	at org.apache.maven.surefire.booter.ForkedBooter.runSuitesInProcess(ForkedBooter.java:115)
	at org.apache.maven.surefire.booter.ForkedBooter.main(ForkedBooter.java:75)
</pre></div></td>
<td>0</td>
<td>com.paypal.credit.core.semantics.LogicalNameParserTest@6d782f7c</td></tr>
<tr>
<td title='com.paypal.credit.core.semantics.LogicalNameParserTest.testInvalidLogicalNames()'><b>testInvalidLogicalNames</b><br>Test class: com.paypal.credit.core.semantics.LogicalNameParserTest<br>Parameters: Authorization</td>
<td><div><pre>com.paypal.credit.core.semantics.exceptions.CoreRouterSemanticsException: Logical commandprovider name Authorization does not include a valid action verb at at the start.
	at com.paypal.credit.core.semantics.LogicalNameParser.&lt;init&gt;(LogicalNameParser.java:84)
	at com.paypal.credit.core.semantics.LogicalNameParserTest.testInvalidLogicalNames(LogicalNameParserTest.java:55)
... Removed 34 stack frames</pre></div><a href='#' onClick='toggleBox("stack-trace1034385146", this, "Click to show all stack frames", "Click to hide stack frames")'>Click to show all stack frames</a>
<div class='stack-trace' id='stack-trace1034385146'><pre>com.paypal.credit.core.semantics.exceptions.CoreRouterSemanticsException: Logical commandprovider name Authorization does not include a valid action verb at at the start.
	at com.paypal.credit.core.semantics.LogicalNameParser.&lt;init&gt;(LogicalNameParser.java:84)
	at com.paypal.credit.core.semantics.LogicalNameParserTest.testInvalidLogicalNames(LogicalNameParserTest.java:55)
	at sun.reflect.NativeMethodAccessorImpl.invoke0(Native Method)
	at sun.reflect.NativeMethodAccessorImpl.invoke(NativeMethodAccessorImpl.java:57)
	at sun.reflect.DelegatingMethodAccessorImpl.invoke(DelegatingMethodAccessorImpl.java:43)
	at java.lang.reflect.Method.invoke(Method.java:606)
	at org.testng.internal.MethodInvocationHelper.invokeMethod(MethodInvocationHelper.java:85)
	at org.testng.internal.Invoker.invokeMethod(Invoker.java:696)
	at org.testng.internal.Invoker.invokeTestMethod(Invoker.java:882)
	at org.testng.internal.Invoker.invokeTestMethods(Invoker.java:1189)
	at org.testng.internal.TestMethodWorker.invokeTestMethods(TestMethodWorker.java:124)
	at org.testng.internal.TestMethodWorker.run(TestMethodWorker.java:108)
	at org.testng.TestRunner.privateRun(TestRunner.java:767)
	at org.testng.TestRunner.run(TestRunner.java:617)
	at org.testng.SuiteRunner.runTest(SuiteRunner.java:348)
	at org.testng.SuiteRunner.runSequentially(SuiteRunner.java:343)
	at org.testng.SuiteRunner.privateRun(SuiteRunner.java:305)
	at org.testng.SuiteRunner.run(SuiteRunner.java:254)
	at org.testng.SuiteRunnerWorker.runSuite(SuiteRunnerWorker.java:52)
	at org.testng.SuiteRunnerWorker.run(SuiteRunnerWorker.java:86)
	at org.testng.TestNG.runSuitesSequentially(TestNG.java:1224)
	at org.testng.TestNG.runSuitesLocally(TestNG.java:1149)
	at org.testng.TestNG.run(TestNG.java:1057)
	at org.apache.maven.surefire.testng.TestNGExecutor.run(TestNGExecutor.java:77)
	at org.apache.maven.surefire.testng.TestNGDirectoryTestSuite.executeMulti(TestNGDirectoryTestSuite.java:159)
	at org.apache.maven.surefire.testng.TestNGDirectoryTestSuite.execute(TestNGDirectoryTestSuite.java:99)
	at org.apache.maven.surefire.testng.TestNGProvider.invoke(TestNGProvider.java:106)
	at sun.reflect.NativeMethodAccessorImpl.invoke0(Native Method)
	at sun.reflect.NativeMethodAccessorImpl.invoke(NativeMethodAccessorImpl.java:57)
	at sun.reflect.DelegatingMethodAccessorImpl.invoke(DelegatingMethodAccessorImpl.java:43)
	at java.lang.reflect.Method.invoke(Method.java:606)
	at org.apache.maven.surefire.util.ReflectionUtils.invokeMethodWithArray(ReflectionUtils.java:189)
	at org.apache.maven.surefire.booter.ProviderFactory$ProviderProxy.invoke(ProviderFactory.java:165)
	at org.apache.maven.surefire.booter.ProviderFactory.invokeProvider(ProviderFactory.java:85)
	at org.apache.maven.surefire.booter.ForkedBooter.runSuitesInProcess(ForkedBooter.java:115)
	at org.apache.maven.surefire.booter.ForkedBooter.main(ForkedBooter.java:75)
</pre></div></td>
<td>0</td>
<td>com.paypal.credit.core.semantics.LogicalNameParserTest@6d782f7c</td></tr>
<tr>
<td title='com.paypal.credit.core.semantics.LogicalNameParserTest.testInvalidLogicalNames()'><b>testInvalidLogicalNames</b><br>Test class: com.paypal.credit.core.semantics.LogicalNameParserTest<br>Parameters: Get</td>
<td><div><pre>com.paypal.credit.core.semantics.exceptions.CoreRouterSemanticsException: Logical commandprovider name Get does not include a subject.
	at com.paypal.credit.core.semantics.LogicalNameParser.&lt;init&gt;(LogicalNameParser.java:80)
	at com.paypal.credit.core.semantics.LogicalNameParserTest.testInvalidLogicalNames(LogicalNameParserTest.java:55)
... Removed 34 stack frames</pre></div><a href='#' onClick='toggleBox("stack-trace1031026357", this, "Click to show all stack frames", "Click to hide stack frames")'>Click to show all stack frames</a>
<div class='stack-trace' id='stack-trace1031026357'><pre>com.paypal.credit.core.semantics.exceptions.CoreRouterSemanticsException: Logical commandprovider name Get does not include a subject.
	at com.paypal.credit.core.semantics.LogicalNameParser.&lt;init&gt;(LogicalNameParser.java:80)
	at com.paypal.credit.core.semantics.LogicalNameParserTest.testInvalidLogicalNames(LogicalNameParserTest.java:55)
	at sun.reflect.NativeMethodAccessorImpl.invoke0(Native Method)
	at sun.reflect.NativeMethodAccessorImpl.invoke(NativeMethodAccessorImpl.java:57)
	at sun.reflect.DelegatingMethodAccessorImpl.invoke(DelegatingMethodAccessorImpl.java:43)
	at java.lang.reflect.Method.invoke(Method.java:606)
	at org.testng.internal.MethodInvocationHelper.invokeMethod(MethodInvocationHelper.java:85)
	at org.testng.internal.Invoker.invokeMethod(Invoker.java:696)
	at org.testng.internal.Invoker.invokeTestMethod(Invoker.java:882)
	at org.testng.internal.Invoker.invokeTestMethods(Invoker.java:1189)
	at org.testng.internal.TestMethodWorker.invokeTestMethods(TestMethodWorker.java:124)
	at org.testng.internal.TestMethodWorker.run(TestMethodWorker.java:108)
	at org.testng.TestRunner.privateRun(TestRunner.java:767)
	at org.testng.TestRunner.run(TestRunner.java:617)
	at org.testng.SuiteRunner.runTest(SuiteRunner.java:348)
	at org.testng.SuiteRunner.runSequentially(SuiteRunner.java:343)
	at org.testng.SuiteRunner.privateRun(SuiteRunner.java:305)
	at org.testng.SuiteRunner.run(SuiteRunner.java:254)
	at org.testng.SuiteRunnerWorker.runSuite(SuiteRunnerWorker.java:52)
	at org.testng.SuiteRunnerWorker.run(SuiteRunnerWorker.java:86)
	at org.testng.TestNG.runSuitesSequentially(TestNG.java:1224)
	at org.testng.TestNG.runSuitesLocally(TestNG.java:1149)
	at org.testng.TestNG.run(TestNG.java:1057)
	at org.apache.maven.surefire.testng.TestNGExecutor.run(TestNGExecutor.java:77)
	at org.apache.maven.surefire.testng.TestNGDirectoryTestSuite.executeMulti(TestNGDirectoryTestSuite.java:159)
	at org.apache.maven.surefire.testng.TestNGDirectoryTestSuite.execute(TestNGDirectoryTestSuite.java:99)
	at org.apache.maven.surefire.testng.TestNGProvider.invoke(TestNGProvider.java:106)
	at sun.reflect.NativeMethodAccessorImpl.invoke0(Native Method)
	at sun.reflect.NativeMethodAccessorImpl.invoke(NativeMethodAccessorImpl.java:57)
	at sun.reflect.DelegatingMethodAccessorImpl.invoke(DelegatingMethodAccessorImpl.java:43)
	at java.lang.reflect.Method.invoke(Method.java:606)
	at org.apache.maven.surefire.util.ReflectionUtils.invokeMethodWithArray(ReflectionUtils.java:189)
	at org.apache.maven.surefire.booter.ProviderFactory$ProviderProxy.invoke(ProviderFactory.java:165)
	at org.apache.maven.surefire.booter.ProviderFactory.invokeProvider(ProviderFactory.java:85)
	at org.apache.maven.surefire.booter.ForkedBooter.runSuitesInProcess(ForkedBooter.java:115)
	at org.apache.maven.surefire.booter.ForkedBooter.main(ForkedBooter.java:75)
</pre></div></td>
<td>0</td>
<td>com.paypal.credit.core.semantics.LogicalNameParserTest@6d782f7c</td></tr>
<tr>
<td title='com.paypal.credit.core.semantics.LogicalNameParserTest.testInvalidLogicalNames()'><b>testInvalidLogicalNames</b><br>Test class: com.paypal.credit.core.semantics.LogicalNameParserTest<br>Parameters: chooseAuthorizationByAuthorizationId</td>
<td><div><pre>com.paypal.credit.core.semantics.exceptions.CoreRouterSemanticsException: Logical commandprovider name chooseAuthorizationByAuthorizationId does not include a valid action verb at at the start.
	at com.paypal.credit.core.semantics.LogicalNameParser.&lt;init&gt;(LogicalNameParser.java:84)
	at com.paypal.credit.core.semantics.LogicalNameParserTest.testInvalidLogicalNames(LogicalNameParserTest.java:55)
... Removed 34 stack frames</pre></div><a href='#' onClick='toggleBox("stack-trace414434456", this, "Click to show all stack frames", "Click to hide stack frames")'>Click to show all stack frames</a>
<div class='stack-trace' id='stack-trace414434456'><pre>com.paypal.credit.core.semantics.exceptions.CoreRouterSemanticsException: Logical commandprovider name chooseAuthorizationByAuthorizationId does not include a valid action verb at at the start.
	at com.paypal.credit.core.semantics.LogicalNameParser.&lt;init&gt;(LogicalNameParser.java:84)
	at com.paypal.credit.core.semantics.LogicalNameParserTest.testInvalidLogicalNames(LogicalNameParserTest.java:55)
	at sun.reflect.NativeMethodAccessorImpl.invoke0(Native Method)
	at sun.reflect.NativeMethodAccessorImpl.invoke(NativeMethodAccessorImpl.java:57)
	at sun.reflect.DelegatingMethodAccessorImpl.invoke(DelegatingMethodAccessorImpl.java:43)
	at java.lang.reflect.Method.invoke(Method.java:606)
	at org.testng.internal.MethodInvocationHelper.invokeMethod(MethodInvocationHelper.java:85)
	at org.testng.internal.Invoker.invokeMethod(Invoker.java:696)
	at org.testng.internal.Invoker.invokeTestMethod(Invoker.java:882)
	at org.testng.internal.Invoker.invokeTestMethods(Invoker.java:1189)
	at org.testng.internal.TestMethodWorker.invokeTestMethods(TestMethodWorker.java:124)
	at org.testng.internal.TestMethodWorker.run(TestMethodWorker.java:108)
	at org.testng.TestRunner.privateRun(TestRunner.java:767)
	at org.testng.TestRunner.run(TestRunner.java:617)
	at org.testng.SuiteRunner.runTest(SuiteRunner.java:348)
	at org.testng.SuiteRunner.runSequentially(SuiteRunner.java:343)
	at org.testng.SuiteRunner.privateRun(SuiteRunner.java:305)
	at org.testng.SuiteRunner.run(SuiteRunner.java:254)
	at org.testng.SuiteRunnerWorker.runSuite(SuiteRunnerWorker.java:52)
	at org.testng.SuiteRunnerWorker.run(SuiteRunnerWorker.java:86)
	at org.testng.TestNG.runSuitesSequentially(TestNG.java:1224)
	at org.testng.TestNG.runSuitesLocally(TestNG.java:1149)
	at org.testng.TestNG.run(TestNG.java:1057)
	at org.apache.maven.surefire.testng.TestNGExecutor.run(TestNGExecutor.java:77)
	at org.apache.maven.surefire.testng.TestNGDirectoryTestSuite.executeMulti(TestNGDirectoryTestSuite.java:159)
	at org.apache.maven.surefire.testng.TestNGDirectoryTestSuite.execute(TestNGDirectoryTestSuite.java:99)
	at org.apache.maven.surefire.testng.TestNGProvider.invoke(TestNGProvider.java:106)
	at sun.reflect.NativeMethodAccessorImpl.invoke0(Native Method)
	at sun.reflect.NativeMethodAccessorImpl.invoke(NativeMethodAccessorImpl.java:57)
	at sun.reflect.DelegatingMethodAccessorImpl.invoke(DelegatingMethodAccessorImpl.java:43)
	at java.lang.reflect.Method.invoke(Method.java:606)
	at org.apache.maven.surefire.util.ReflectionUtils.invokeMethodWithArray(ReflectionUtils.java:189)
	at org.apache.maven.surefire.booter.ProviderFactory$ProviderProxy.invoke(ProviderFactory.java:165)
	at org.apache.maven.surefire.booter.ProviderFactory.invokeProvider(ProviderFactory.java:85)
	at org.apache.maven.surefire.booter.ForkedBooter.runSuitesInProcess(ForkedBooter.java:115)
	at org.apache.maven.surefire.booter.ForkedBooter.main(ForkedBooter.java:75)
</pre></div></td>
<td>0</td>
<td>com.paypal.credit.core.semantics.LogicalNameParserTest@6d782f7c</td></tr>
<tr>
<td title='com.paypal.credit.core.semantics.LogicalNameParserTest.testInvalidLogicalNames()'><b>testInvalidLogicalNames</b><br>Test class: com.paypal.credit.core.semantics.LogicalNameParserTest<br>Parameters: GetAuthorizationListBy</td>
<td><div><pre>com.paypal.credit.core.semantics.exceptions.CoreRouterSemanticsException: Logical commandprovider name GetAuthorizationListBy included a preposition but does not include an object.
	at com.paypal.credit.core.semantics.LogicalNameParser.&lt;init&gt;(LogicalNameParser.java:67)
	at com.paypal.credit.core.semantics.LogicalNameParserTest.testInvalidLogicalNames(LogicalNameParserTest.java:55)
... Removed 34 stack frames</pre></div><a href='#' onClick='toggleBox("stack-trace1110434771", this, "Click to show all stack frames", "Click to hide stack frames")'>Click to show all stack frames</a>
<div class='stack-trace' id='stack-trace1110434771'><pre>com.paypal.credit.core.semantics.exceptions.CoreRouterSemanticsException: Logical commandprovider name GetAuthorizationListBy included a preposition but does not include an object.
	at com.paypal.credit.core.semantics.LogicalNameParser.&lt;init&gt;(LogicalNameParser.java:67)
	at com.paypal.credit.core.semantics.LogicalNameParserTest.testInvalidLogicalNames(LogicalNameParserTest.java:55)
	at sun.reflect.NativeMethodAccessorImpl.invoke0(Native Method)
	at sun.reflect.NativeMethodAccessorImpl.invoke(NativeMethodAccessorImpl.java:57)
	at sun.reflect.DelegatingMethodAccessorImpl.invoke(DelegatingMethodAccessorImpl.java:43)
	at java.lang.reflect.Method.invoke(Method.java:606)
	at org.testng.internal.MethodInvocationHelper.invokeMethod(MethodInvocationHelper.java:85)
	at org.testng.internal.Invoker.invokeMethod(Invoker.java:696)
	at org.testng.internal.Invoker.invokeTestMethod(Invoker.java:882)
	at org.testng.internal.Invoker.invokeTestMethods(Invoker.java:1189)
	at org.testng.internal.TestMethodWorker.invokeTestMethods(TestMethodWorker.java:124)
	at org.testng.internal.TestMethodWorker.run(TestMethodWorker.java:108)
	at org.testng.TestRunner.privateRun(TestRunner.java:767)
	at org.testng.TestRunner.run(TestRunner.java:617)
	at org.testng.SuiteRunner.runTest(SuiteRunner.java:348)
	at org.testng.SuiteRunner.runSequentially(SuiteRunner.java:343)
	at org.testng.SuiteRunner.privateRun(SuiteRunner.java:305)
	at org.testng.SuiteRunner.run(SuiteRunner.java:254)
	at org.testng.SuiteRunnerWorker.runSuite(SuiteRunnerWorker.java:52)
	at org.testng.SuiteRunnerWorker.run(SuiteRunnerWorker.java:86)
	at org.testng.TestNG.runSuitesSequentially(TestNG.java:1224)
	at org.testng.TestNG.runSuitesLocally(TestNG.java:1149)
	at org.testng.TestNG.run(TestNG.java:1057)
	at org.apache.maven.surefire.testng.TestNGExecutor.run(TestNGExecutor.java:77)
	at org.apache.maven.surefire.testng.TestNGDirectoryTestSuite.executeMulti(TestNGDirectoryTestSuite.java:159)
	at org.apache.maven.surefire.testng.TestNGDirectoryTestSuite.execute(TestNGDirectoryTestSuite.java:99)
	at org.apache.maven.surefire.testng.TestNGProvider.invoke(TestNGProvider.java:106)
	at sun.reflect.NativeMethodAccessorImpl.invoke0(Native Method)
	at sun.reflect.NativeMethodAccessorImpl.invoke(NativeMethodAccessorImpl.java:57)
	at sun.reflect.DelegatingMethodAccessorImpl.invoke(DelegatingMethodAccessorImpl.java:43)
	at java.lang.reflect.Method.invoke(Method.java:606)
	at org.apache.maven.surefire.util.ReflectionUtils.invokeMethodWithArray(ReflectionUtils.java:189)
	at org.apache.maven.surefire.booter.ProviderFactory$ProviderProxy.invoke(ProviderFactory.java:165)
	at org.apache.maven.surefire.booter.ProviderFactory.invokeProvider(ProviderFactory.java:85)
	at org.apache.maven.surefire.booter.ForkedBooter.runSuitesInProcess(ForkedBooter.java:115)
	at org.apache.maven.surefire.booter.ForkedBooter.main(ForkedBooter.java:75)
</pre></div></td>
<td>0</td>
<td>com.paypal.credit.core.semantics.LogicalNameParserTest@6d782f7c</td></tr>
<tr>
<td title='com.paypal.credit.core.semantics.CommandFactoryMethodSemanticsTest.testKnownValidElements()'><b>testKnownValidElements</b><br>Test class: com.paypal.credit.core.semantics.CommandFactoryMethodSemanticsTest<br>Parameters: createGetAccountCommand, GET, Account, null, null, null</td>
<td></td>
<td>0</td>
<td>com.paypal.credit.core.semantics.CommandFactoryMethodSemanticsTest@48f50903</td></tr>
<tr>
<td title='com.paypal.credit.core.semantics.CommandFactoryMethodSemanticsTest.testKnownValidElements()'><b>testKnownValidElements</b><br>Test class: com.paypal.credit.core.semantics.CommandFactoryMethodSemanticsTest<br>Parameters: createGetAccountListCommand, GET, Account, LIST, null, null</td>
<td></td>
<td>0</td>
<td>com.paypal.credit.core.semantics.CommandFactoryMethodSemanticsTest@48f50903</td></tr>
<tr>
<td title='com.paypal.credit.core.semantics.CommandFactoryMethodSemanticsTest.testKnownValidElements()'><b>testKnownValidElements</b><br>Test class: com.paypal.credit.core.semantics.CommandFactoryMethodSemanticsTest<br>Parameters: createPostAuthorizationCommand, POST, Authorization, null, null, null</td>
<td></td>
<td>0</td>
<td>com.paypal.credit.core.semantics.CommandFactoryMethodSemanticsTest@48f50903</td></tr>
<tr>
<td title='com.paypal.credit.core.semantics.CommandClassSemanticsTest.testValidCommandClassName()'><b>testValidCommandClassName</b><br>Test class: com.paypal.credit.core.semantics.CommandClassSemanticsTest<br>Parameters: GetAuthorizationCommand, GET, Authorization, null, null, null</td>
<td></td>
<td>0</td>
<td>com.paypal.credit.core.semantics.CommandClassSemanticsTest@74d2e636</td></tr>
<tr>
<td title='com.paypal.credit.core.semantics.CommandClassSemanticsTest.testValidCommandClassName()'><b>testValidCommandClassName</b><br>Test class: com.paypal.credit.core.semantics.CommandClassSemanticsTest<br>Parameters: GetAuthorizationByAuthorizationIdCommand, GET, Authorization, null, BY, AuthorizationId</td>
<td></td>
<td>0</td>
<td>com.paypal.credit.core.semantics.CommandClassSemanticsTest@74d2e636</td></tr>
<tr>
<td title='com.paypal.credit.core.semantics.LogicalNameParserTest.testValidLogicalNames()'><b>testValidLogicalNames</b><br>Test class: com.paypal.credit.core.semantics.LogicalNameParserTest<br>Parameters: GetAuthorization, GET, Authorization, null, null, null</td>
<td></td>
<td>0</td>
<td>com.paypal.credit.core.semantics.LogicalNameParserTest@6d782f7c</td></tr>
<tr>
<td title='com.paypal.credit.core.semantics.LogicalNameParserTest.testValidLogicalNames()'><b>testValidLogicalNames</b><br>Test class: com.paypal.credit.core.semantics.LogicalNameParserTest<br>Parameters: GetAuthorizationList, GET, Authorization, LIST, null, null</td>
<td></td>
<td>0</td>
<td>com.paypal.credit.core.semantics.LogicalNameParserTest@6d782f7c</td></tr>
<tr>
<td title='com.paypal.credit.core.semantics.LogicalNameParserTest.testValidLogicalNames()'><b>testValidLogicalNames</b><br>Test class: com.paypal.credit.core.semantics.LogicalNameParserTest<br>Parameters: GetAuthorizationByAuthorizationId, GET, Authorization, null, BY, AuthorizationId</td>
<td></td>
<td>0</td>
<td>com.paypal.credit.core.semantics.LogicalNameParserTest@6d782f7c</td></tr>
<tr>
<td title='com.paypal.credit.core.semantics.LogicalNameParserTest.testValidLogicalNames()'><b>testValidLogicalNames</b><br>Test class: com.paypal.credit.core.semantics.LogicalNameParserTest<br>Parameters: GetAuthorizationListByAuthorizationId, GET, Authorization, LIST, BY, AuthorizationId</td>
<td></td>
<td>0</td>
<td>com.paypal.credit.core.semantics.LogicalNameParserTest@6d782f7c</td></tr>
<tr>
<td title='com.paypal.credit.core.semantics.ProcessorBridgeMethodSemanticsTest.testValidRouterMethodName()'><b>testValidRouterMethodName</b><br>Test class: com.paypal.credit.core.semantics.ProcessorBridgeMethodSemanticsTest<br>Parameters: postAuthorization, POST, Authorization, null, null, null, PostAuthorizationCommand, createPostAuthorizationCommand</td>
<td></td>
<td>0</td>
<td>com.paypal.credit.core.semantics.ProcessorBridgeMethodSemanticsTest@2334d801</td></tr>
<tr>
<td title='com.paypal.credit.core.semantics.ProcessorBridgeMethodSemanticsTest.testValidRouterMethodName()'><b>testValidRouterMethodName</b><br>Test class: com.paypal.credit.core.semantics.ProcessorBridgeMethodSemanticsTest<br>Parameters: getAuthorizationByAuthorizationId, GET, Authorization, null, BY, AuthorizationId, GetAuthorizationByAuthorizationIdCommand, createGetAuthorizationByAuthorizationIdCommand</td>
<td></td>
<td>0</td>
<td>com.paypal.credit.core.semantics.ProcessorBridgeMethodSemanticsTest@2334d801</td></tr>
</table><p>
</body>
</html>