<!DOCTYPE html PUBLIC "-//W3C//DTD XHTML 1.1//EN" "http://www.w3.org/TR/xhtml11/DTD/xhtml11.dtd">
<html xmlns="http://www.w3.org/1999/xhtml"><head><title>TestNG Report</title><style type="text/css">table {margin-bottom:10px;border-collapse:collapse;empty-cells:show}th,td {border:1px solid #009;padding:.25em .5em}th {vertical-align:bottom}td {vertical-align:top}table a {font-weight:bold}.stripe td {background-color: #E6EBF9}.num {text-align:right}.passedodd td {background-color: #3F3}.passedeven td {background-color: #0A0}.skippedodd td {background-color: #DDD}.skippedeven td {background-color: #CCC}.failedodd td,.attn {background-color: #F33}.failedeven td,.stripe .attn {background-color: #D00}.stacktrace {white-space:pre;font-family:monospace}.totop {font-size:85%;text-align:center;border-bottom:2px solid #000}</style></head><body><table><tr><th>Test</th><th># Passed</th><th># Skipped</th><th># Failed</th><th>Time (ms)</th><th>Included Groups</th><th>Excluded Groups</th></tr><tr><th colspan="7">Command line suite</th></tr><tr><td><a href="#t0">Command line test</a></td><td class="num">32</td><td class="num">0</td><td class="num">0</td><td class="num">481</td><td></td><td></td></tr></table><table><thead><tr><th>Class</th><th>Method</th><th>Start</th><th>Time (ms)</th></tr></thead><tbody><tr><th colspan="4">Command line suite</th></tr></tbody><tbody id="t0"><tr><th colspan="4">Command line test &#8212; passed</th></tr><tr class="passedeven"><td rowspan="1">com.paypal.credit.core.commandprovider.CommandProviderTest</td><td><a href="#m0">testFindCommand</a></td><td rowspan="1">1449612119763</td><td rowspan="1">6</td></tr><tr class="passedodd"><td rowspan="2">com.paypal.credit.core.datasourceprovider.DataSourceProviderFactoryTest</td><td><a href="#m1">testCreateDataSource</a></td><td rowspan="1">1449612119769</td><td rowspan="1">4</td></tr><tr class="passedodd"><td><a href="#m2">testFindDataSource</a></td><td rowspan="1">1449612119773</td><td rowspan="1">1</td></tr><tr class="passedeven"><td rowspan="1">com.paypal.credit.core.processorbridge.ProcessorBridgeDefaultFactoryTest</td><td><a href="#m3">test</a></td><td rowspan="1">1449612120088</td><td rowspan="1">4</td></tr><tr class="passedodd"><td rowspan="2">com.paypal.credit.core.semantics.CollectionTypeVocabularyTest</td><td><a href="#m4">testFindByObjectSuffix</a></td><td rowspan="1">1449612119749</td><td rowspan="1">3</td></tr><tr class="passedodd"><td><a href="#m5">testGetSimpleName</a></td><td rowspan="1">1449612119752</td><td rowspan="1">1</td></tr><tr class="passedeven"><td rowspan="3">com.paypal.credit.core.semantics.CommandClassSemanticsTest</td><td><a href="#m6">testInvalidCommandClassName</a></td><td rowspan="1">1449612119755</td><td rowspan="1">1</td></tr><tr class="passedeven"><td><a href="#m7">testValidCommandClassName</a></td><td rowspan="2">1449612119758</td><td rowspan="2">1</td></tr><tr class="passedeven"><td><a href="#m8">testValidCommandClassName</a></td></tr><tr class="passedodd"><td rowspan="3">com.paypal.credit.core.semantics.CommandFactoryMethodSemanticsTest</td><td><a href="#m9">testKnownValidElements</a></td><td rowspan="3">1449612119760</td><td rowspan="3">1</td></tr><tr class="passedodd"><td><a href="#m10">testKnownValidElements</a></td></tr><tr class="passedodd"><td><a href="#m11">testKnownValidElements</a></td></tr><tr class="passedeven"><td rowspan="9">com.paypal.credit.core.semantics.LogicalNameParserTest</td><td><a href="#m12">testInvalidLogicalNames</a></td><td rowspan="5">1449612120084</td><td rowspan="5">0</td></tr><tr class="passedeven"><td><a href="#m13">testInvalidLogicalNames</a></td></tr><tr class="passedeven"><td><a href="#m14">testInvalidLogicalNames</a></td></tr><tr class="passedeven"><td><a href="#m15">testInvalidLogicalNames</a></td></tr><tr class="passedeven"><td><a href="#m16">testInvalidLogicalNames</a></td></tr><tr class="passedeven"><td><a href="#m17">testValidLogicalNames</a></td><td rowspan="4">1449612120087</td><td rowspan="4">0</td></tr><tr class="passedeven"><td><a href="#m18">testValidLogicalNames</a></td></tr><tr class="passedeven"><td><a href="#m19">testValidLogicalNames</a></td></tr><tr class="passedeven"><td><a href="#m20">testValidLogicalNames</a></td></tr><tr class="passedodd"><td rowspan="3">com.paypal.credit.core.semantics.ProcessorBridgeMethodSemanticsTest</td><td><a href="#m21">testInvalidCommandClassName</a></td><td rowspan="1">1449612120093</td><td rowspan="1">0</td></tr><tr class="passedodd"><td><a href="#m22">testValidRouterMethodName</a></td><td rowspan="2">1449612120094</td><td rowspan="2">1</td></tr><tr class="passedodd"><td><a href="#m23">testValidRouterMethodName</a></td></tr><tr class="passedeven"><td rowspan="3">com.paypal.credit.workflowcommand.WorkflowFactoryTest</td><td><a href="#m24">test</a></td><td rowspan="3">1449612120116</td><td rowspan="3">11</td></tr><tr class="passedeven"><td><a href="#m25">test</a></td></tr><tr class="passedeven"><td><a href="#m26">test</a></td></tr><tr class="passedodd"><td rowspan="4">com.paypal.credit.workflowcommand.WorkflowReaderTest</td><td><a href="#m27">test</a></td><td rowspan="4">1449612120152</td><td rowspan="4">45</td></tr><tr class="passedodd"><td><a href="#m28">test</a></td></tr><tr class="passedodd"><td><a href="#m29">test</a></td></tr><tr class="passedodd"><td><a href="#m30">test</a></td></tr><tr class="passedeven"><td rowspan="1">com.paypal.credit.workflowtest.FullStackTest</td><td><a href="#m31">test</a></td><td rowspan="1">1449612119774</td><td rowspan="1">308</td></tr></tbody></table><h2>Command line test</h2><h3 id="m0">com.paypal.credit.core.commandprovider.CommandProviderTest#testFindCommand</h3><table class="result"></table><p class="totop"><a href="#summary">back to summary</a></p><h3 id="m1">com.paypal.credit.core.datasourceprovider.DataSourceProviderFactoryTest#testCreateDataSource</h3><table class="result"></table><p class="totop"><a href="#summary">back to summary</a></p><h3 id="m2">com.paypal.credit.core.datasourceprovider.DataSourceProviderFactoryTest#testFindDataSource</h3><table class="result"></table><p class="totop"><a href="#summary">back to summary</a></p><h3 id="m3">com.paypal.credit.core.processorbridge.ProcessorBridgeDefaultFactoryTest#test</h3><table class="result"></table><p class="totop"><a href="#summary">back to summary</a></p><h3 id="m4">com.paypal.credit.core.semantics.CollectionTypeVocabularyTest#testFindByObjectSuffix</h3><table class="result"></table><p class="totop"><a href="#summary">back to summary</a></p><h3 id="m5">com.paypal.credit.core.semantics.CollectionTypeVocabularyTest#testGetSimpleName</h3><table class="result"></table><p class="totop"><a href="#summary">back to summary</a></p><h3 id="m6">com.paypal.credit.core.semantics.CommandClassSemanticsTest#testInvalidCommandClassName</h3><table class="result"><tr class="param"><th>Parameter #1</th><th>Parameter #2</th><th>Parameter #3</th><th>Parameter #4</th><th>Parameter #5</th><th>Parameter #6</th></tr><tr class="param stripe"><td>GetAuthorizationBy</td><td>GET</td><td>Authorization</td><td>null</td><td>BY</td><td>null</td></tr><tr><th colspan="6">Expected Exception</th></tr><tr><td colspan="6"><div class="stacktrace">com.paypal.credit.core.semantics.exceptions.CoreRouterSemanticsException: Logical commandprovider name GetAuthorizationBy included a preposition but does not include an object.
	at com.paypal.credit.core.semantics.LogicalNameParser.&lt;init&gt;(LogicalNameParser.java:67)
	at com.paypal.credit.core.semantics.AbstractBaseSemantics.&lt;init&gt;(AbstractBaseSemantics.java:112)
	at com.paypal.credit.core.semantics.CommandClassSemantics.&lt;init&gt;(CommandClassSemantics.java:35)
	at com.paypal.credit.core.semantics.ApplicationSemantics.createCommandClassSemantic(ApplicationSemantics.java:62)
	at com.paypal.credit.core.semantics.CommandClassSemanticsTest.testInvalidCommandClassName(CommandClassSemanticsTest.java:67)
... Removed 34 stack frames</div></td></tr></table><p class="totop"><a href="#summary">back to summary</a></p><h3 id="m7">com.paypal.credit.core.semantics.CommandClassSemanticsTest#testValidCommandClassName</h3><table class="result"><tr class="param"><th>Parameter #1</th><th>Parameter #2</th><th>Parameter #3</th><th>Parameter #4</th><th>Parameter #5</th><th>Parameter #6</th></tr><tr class="param stripe"><td>GetAuthorizationByAuthorizationIdCommand</td><td>GET</td><td>Authorization</td><td>null</td><td>BY</td><td>AuthorizationId</td></tr></table><p class="totop"><a href="#summary">back to summary</a></p><h3 id="m8">com.paypal.credit.core.semantics.CommandClassSemanticsTest#testValidCommandClassName</h3><table class="result"><tr class="param"><th>Parameter #1</th><th>Parameter #2</th><th>Parameter #3</th><th>Parameter #4</th><th>Parameter #5</th><th>Parameter #6</th></tr><tr class="param stripe"><td>GetAuthorizationCommand</td><td>GET</td><td>Authorization</td><td>null</td><td>null</td><td>null</td></tr></table><p class="totop"><a href="#summary">back to summary</a></p><h3 id="m9">com.paypal.credit.core.semantics.CommandFactoryMethodSemanticsTest#testKnownValidElements</h3><table class="result"><tr class="param"><th>Parameter #1</th><th>Parameter #2</th><th>Parameter #3</th><th>Parameter #4</th><th>Parameter #5</th><th>Parameter #6</th></tr><tr class="param stripe"><td>createGetAccountListCommand</td><td>GET</td><td>Account</td><td>LIST</td><td>null</td><td>null</td></tr></table><p class="totop"><a href="#summary">back to summary</a></p><h3 id="m10">com.paypal.credit.core.semantics.CommandFactoryMethodSemanticsTest#testKnownValidElements</h3><table class="result"><tr class="param"><th>Parameter #1</th><th>Parameter #2</th><th>Parameter #3</th><th>Parameter #4</th><th>Parameter #5</th><th>Parameter #6</th></tr><tr class="param stripe"><td>createPostAuthorizationCommand</td><td>POST</td><td>Authorization</td><td>null</td><td>null</td><td>null</td></tr></table><p class="totop"><a href="#summary">back to summary</a></p><h3 id="m11">com.paypal.credit.core.semantics.CommandFactoryMethodSemanticsTest#testKnownValidElements</h3><table class="result"><tr class="param"><th>Parameter #1</th><th>Parameter #2</th><th>Parameter #3</th><th>Parameter #4</th><th>Parameter #5</th><th>Parameter #6</th></tr><tr class="param stripe"><td>createGetAccountCommand</td><td>GET</td><td>Account</td><td>null</td><td>null</td><td>null</td></tr></table><p class="totop"><a href="#summary">back to summary</a></p><h3 id="m12">com.paypal.credit.core.semantics.LogicalNameParserTest#testInvalidLogicalNames</h3><table class="result"><tr class="param"><th>Parameter #1</th></tr><tr class="param stripe"><td>Get</td></tr><tr><th>Expected Exception</th></tr><tr><td><div class="stacktrace">com.paypal.credit.core.semantics.exceptions.CoreRouterSemanticsException: Logical commandprovider name Get does not include a subject.
	at com.paypal.credit.core.semantics.LogicalNameParser.&lt;init&gt;(LogicalNameParser.java:80)
	at com.paypal.credit.core.semantics.LogicalNameParserTest.testInvalidLogicalNames(LogicalNameParserTest.java:55)
... Removed 34 stack frames</div></td></tr></table><p class="totop"><a href="#summary">back to summary</a></p><h3 id="m13">com.paypal.credit.core.semantics.LogicalNameParserTest#testInvalidLogicalNames</h3><table class="result"><tr class="param"><th>Parameter #1</th></tr><tr class="param stripe"><td>chooseAuthorizationByAuthorizationId</td></tr><tr><th>Expected Exception</th></tr><tr><td><div class="stacktrace">com.paypal.credit.core.semantics.exceptions.CoreRouterSemanticsException: Logical commandprovider name chooseAuthorizationByAuthorizationId does not include a valid action verb at at the start.
	at com.paypal.credit.core.semantics.LogicalNameParser.&lt;init&gt;(LogicalNameParser.java:84)
	at com.paypal.credit.core.semantics.LogicalNameParserTest.testInvalidLogicalNames(LogicalNameParserTest.java:55)
... Removed 34 stack frames</div></td></tr></table><p class="totop"><a href="#summary">back to summary</a></p><h3 id="m14">com.paypal.credit.core.semantics.LogicalNameParserTest#testInvalidLogicalNames</h3><table class="result"><tr class="param"><th>Parameter #1</th></tr><tr class="param stripe"><td>GetAuthorizationListBy</td></tr><tr><th>Expected Exception</th></tr><tr><td><div class="stacktrace">com.paypal.credit.core.semantics.exceptions.CoreRouterSemanticsException: Logical commandprovider name GetAuthorizationListBy included a preposition but does not include an object.
	at com.paypal.credit.core.semantics.LogicalNameParser.&lt;init&gt;(LogicalNameParser.java:67)
	at com.paypal.credit.core.semantics.LogicalNameParserTest.testInvalidLogicalNames(LogicalNameParserTest.java:55)
... Removed 34 stack frames</div></td></tr></table><p class="totop"><a href="#summary">back to summary</a></p><h3 id="m15">com.paypal.credit.core.semantics.LogicalNameParserTest#testInvalidLogicalNames</h3><table class="result"><tr class="param"><th>Parameter #1</th></tr><tr class="param stripe"><td>Authorization</td></tr><tr><th>Expected Exception</th></tr><tr><td><div class="stacktrace">com.paypal.credit.core.semantics.exceptions.CoreRouterSemanticsException: Logical commandprovider name Authorization does not include a valid action verb at at the start.
	at com.paypal.credit.core.semantics.LogicalNameParser.&lt;init&gt;(LogicalNameParser.java:84)
	at com.paypal.credit.core.semantics.LogicalNameParserTest.testInvalidLogicalNames(LogicalNameParserTest.java:55)
... Removed 34 stack frames</div></td></tr></table><p class="totop"><a href="#summary">back to summary</a></p><h3 id="m16">com.paypal.credit.core.semantics.LogicalNameParserTest#testInvalidLogicalNames</h3><table class="result"><tr class="param"><th>Parameter #1</th></tr><tr class="param stripe"><td></td></tr><tr><th>Expected Exception</th></tr><tr><td><div class="stacktrace">com.paypal.credit.core.semantics.exceptions.CoreRouterSemanticsException: Logical commandprovider name  does not include a valid action verb at at the start.
	at com.paypal.credit.core.semantics.LogicalNameParser.&lt;init&gt;(LogicalNameParser.java:84)
	at com.paypal.credit.core.semantics.LogicalNameParserTest.testInvalidLogicalNames(LogicalNameParserTest.java:55)
... Removed 34 stack frames</div></td></tr></table><p class="totop"><a href="#summary">back to summary</a></p><h3 id="m17">com.paypal.credit.core.semantics.LogicalNameParserTest#testValidLogicalNames</h3><table class="result"><tr class="param"><th>Parameter #1</th><th>Parameter #2</th><th>Parameter #3</th><th>Parameter #4</th><th>Parameter #5</th><th>Parameter #6</th></tr><tr class="param stripe"><td>GetAuthorizationListByAuthorizationId</td><td>GET</td><td>Authorization</td><td>LIST</td><td>BY</td><td>AuthorizationId</td></tr></table><p class="totop"><a href="#summary">back to summary</a></p><h3 id="m18">com.paypal.credit.core.semantics.LogicalNameParserTest#testValidLogicalNames</h3><table class="result"><tr class="param"><th>Parameter #1</th><th>Parameter #2</th><th>Parameter #3</th><th>Parameter #4</th><th>Parameter #5</th><th>Parameter #6</th></tr><tr class="param stripe"><td>GetAuthorizationList</td><td>GET</td><td>Authorization</td><td>LIST</td><td>null</td><td>null</td></tr></table><p class="totop"><a href="#summary">back to summary</a></p><h3 id="m19">com.paypal.credit.core.semantics.LogicalNameParserTest#testValidLogicalNames</h3><table class="result"><tr class="param"><th>Parameter #1</th><th>Parameter #2</th><th>Parameter #3</th><th>Parameter #4</th><th>Parameter #5</th><th>Parameter #6</th></tr><tr class="param stripe"><td>GetAuthorization</td><td>GET</td><td>Authorization</td><td>null</td><td>null</td><td>null</td></tr></table><p class="totop"><a href="#summary">back to summary</a></p><h3 id="m20">com.paypal.credit.core.semantics.LogicalNameParserTest#testValidLogicalNames</h3><table class="result"><tr class="param"><th>Parameter #1</th><th>Parameter #2</th><th>Parameter #3</th><th>Parameter #4</th><th>Parameter #5</th><th>Parameter #6</th></tr><tr class="param stripe"><td>GetAuthorizationByAuthorizationId</td><td>GET</td><td>Authorization</td><td>null</td><td>BY</td><td>AuthorizationId</td></tr></table><p class="totop"><a href="#summary">back to summary</a></p><h3 id="m21">com.paypal.credit.core.semantics.ProcessorBridgeMethodSemanticsTest#testInvalidCommandClassName</h3><table class="result"><tr class="param"><th>Parameter #1</th></tr><tr class="param stripe"><td>getAuthorizationBy</td></tr><tr><th>Expected Exception</th></tr><tr><td><div class="stacktrace">com.paypal.credit.core.semantics.exceptions.CoreRouterSemanticsException: Logical commandprovider name getAuthorizationBy included a preposition but does not include an object.
	at com.paypal.credit.core.semantics.LogicalNameParser.&lt;init&gt;(LogicalNameParser.java:67)
	at com.paypal.credit.core.semantics.AbstractBaseSemantics.&lt;init&gt;(AbstractBaseSemantics.java:112)
	at com.paypal.credit.core.semantics.ProcessorBridgeMethodSemantics.&lt;init&gt;(ProcessorBridgeMethodSemantics.java:49)
	at com.paypal.credit.core.semantics.ApplicationSemantics.createProcessorBridgeMethodSemantics(ApplicationSemantics.java:72)
	at com.paypal.credit.core.semantics.ProcessorBridgeMethodSemanticsTest.testInvalidCommandClassName(ProcessorBridgeMethodSemanticsTest.java:69)
... Removed 34 stack frames</div></td></tr></table><p class="totop"><a href="#summary">back to summary</a></p><h3 id="m22">com.paypal.credit.core.semantics.ProcessorBridgeMethodSemanticsTest#testValidRouterMethodName</h3><table class="result"><tr class="param"><th>Parameter #1</th><th>Parameter #2</th><th>Parameter #3</th><th>Parameter #4</th><th>Parameter #5</th><th>Parameter #6</th><th>Parameter #7</th><th>Parameter #8</th></tr><tr class="param stripe"><td>getAuthorizationByAuthorizationId</td><td>GET</td><td>Authorization</td><td>null</td><td>BY</td><td>AuthorizationId</td><td>GetAuthorizationByAuthorizationIdCommand</td><td>createGetAuthorizationByAuthorizationIdCommand</td></tr></table><p class="totop"><a href="#summary">back to summary</a></p><h3 id="m23">com.paypal.credit.core.semantics.ProcessorBridgeMethodSemanticsTest#testValidRouterMethodName</h3><table class="result"><tr class="param"><th>Parameter #1</th><th>Parameter #2</th><th>Parameter #3</th><th>Parameter #4</th><th>Parameter #5</th><th>Parameter #6</th><th>Parameter #7</th><th>Parameter #8</th></tr><tr class="param stripe"><td>postAuthorization</td><td>POST</td><td>Authorization</td><td>null</td><td>null</td><td>null</td><td>PostAuthorizationCommand</td><td>createPostAuthorizationCommand</td></tr></table><p class="totop"><a href="#summary">back to summary</a></p><h3 id="m24">com.paypal.credit.workflowcommand.WorkflowFactoryTest#test</h3><table class="result"><tr class="param"><th>Parameter #1</th></tr><tr class="param stripe"><td>rsc:ParallelWorkflow.xml</td></tr></table><p class="totop"><a href="#summary">back to summary</a></p><h3 id="m25">com.paypal.credit.workflowcommand.WorkflowFactoryTest#test</h3><table class="result"><tr class="param"><th>Parameter #1</th></tr><tr class="param stripe"><td>rsc:OneStepWorkflow.xml</td></tr></table><p class="totop"><a href="#summary">back to summary</a></p><h3 id="m26">com.paypal.credit.workflowcommand.WorkflowFactoryTest#test</h3><table class="result"><tr class="param"><th>Parameter #1</th></tr><tr class="param stripe"><td>rsc:TwoStepWorkflow.xml</td></tr></table><p class="totop"><a href="#summary">back to summary</a></p><h3 id="m27">com.paypal.credit.workflowcommand.WorkflowReaderTest#test</h3><table class="result"><tr class="param"><th>Parameter #1</th><th>Parameter #2</th></tr><tr class="param stripe"><td>rsc:workflow1.xml</td><td>1</td></tr></table><p class="totop"><a href="#summary">back to summary</a></p><h3 id="m28">com.paypal.credit.workflowcommand.WorkflowReaderTest#test</h3><table class="result"><tr class="param"><th>Parameter #1</th><th>Parameter #2</th></tr><tr class="param stripe"><td>rsc:OneStepWorkflow.xml</td><td>1</td></tr></table><p class="totop"><a href="#summary">back to summary</a></p><h3 id="m29">com.paypal.credit.workflowcommand.WorkflowReaderTest#test</h3><table class="result"><tr class="param"><th>Parameter #1</th><th>Parameter #2</th></tr><tr class="param stripe"><td>rsc:TwoStepWorkflow.xml</td><td>2</td></tr></table><p class="totop"><a href="#summary">back to summary</a></p><h3 id="m30">com.paypal.credit.workflowcommand.WorkflowReaderTest#test</h3><table class="result"><tr class="param"><th>Parameter #1</th><th>Parameter #2</th></tr><tr class="param stripe"><td>rsc:ParallelWorkflow.xml</td><td>1</td></tr></table><p class="totop"><a href="#summary">back to summary</a></p><h3 id="m31">com.paypal.credit.workflowtest.FullStackTest#test</h3><table class="result"></table><p class="totop"><a href="#summary">back to summary</a></p></body></html>